app/build/intermediates/manifest_merge_blame_file/debug/manifest-merger-blame-debug-report.txt
1<?xml version="1.0" encoding="utf-8"?>
2<manifest xmlns:android="http://schemas.android.com/apk/res/android"
3    package="com.vibeviroma.zemii"
4    android:versionCode="1"
5    android:versionName="1.0" >
6
7    <uses-sdk
8        android:minSdkVersion="21"
8-->src\main\AndroidManifest.xml
9        android:targetSdkVersion="29" />
9-->src\main\AndroidManifest.xml
10
11    <uses-permission android:name="android.permission.ACCESS_FINE_LOCATION" />
11-->src\main\AndroidManifest.xml:5:5-79
11-->src\main\AndroidManifest.xml:5:22-76
12    <uses-permission android:name="android.permission.ACCESS_COARSE_LOCATION" />
12-->src\main\AndroidManifest.xml:6:5-80
12-->src\main\AndroidManifest.xml:6:22-78
13    <uses-permission android:name="android.permission.INTERNET" />
13-->src\main\AndroidManifest.xml:7:5-66
13-->src\main\AndroidManifest.xml:7:22-64
14    <uses-permission android:name="android.permission.ACCESS_WIFI_STATE" /> <!-- Although the *SdkVersion is captured in gradle build files, this is required for non gradle builds -->
14-->[com.google.android.libraries.places:places:2.4.0] AndroidManifest.xml:10:5-76
14-->[com.google.android.libraries.places:places:2.4.0] AndroidManifest.xml:10:22-73
15    <!-- <uses-sdk android:minSdkVersion="14"/> -->
16    <uses-permission android:name="android.permission.ACCESS_NETWORK_STATE" />
16-->[com.google.firebase:firebase-database:19.4.0] AndroidManifest.xml:25:5-79
16-->[com.google.firebase:firebase-database:19.4.0] AndroidManifest.xml:25:22-76
17
18    <uses-feature
18-->[com.google.android.gms:play-services-maps:17.0.0] AndroidManifest.xml:26:5-28:35
19        android:glEsVersion="0x00020000"
19-->[com.google.android.gms:play-services-maps:17.0.0] AndroidManifest.xml:27:9-41
20        android:required="true" />
20-->[com.google.android.gms:play-services-maps:17.0.0] AndroidManifest.xml:28:9-32
21
22    <application
22-->src\main\AndroidManifest.xml:9:5-53:19
23        android:allowBackup="true"
23-->src\main\AndroidManifest.xml:10:9-35
24        android:appComponentFactory="androidx.core.app.CoreComponentFactory"
24-->[androidx.core:core:1.3.0] AndroidManifest.xml:24:18-86
25        android:debuggable="true"
26        android:icon="@mipmap/ic_launcher"
26-->src\main\AndroidManifest.xml:11:9-43
27        android:label="@string/app_name"
27-->src\main\AndroidManifest.xml:12:9-41
28        android:roundIcon="@mipmap/ic_launcher_round"
28-->src\main\AndroidManifest.xml:13:9-54
29        android:supportsRtl="true"
29-->src\main\AndroidManifest.xml:14:9-35
30        android:testOnly="true"
31        android:theme="@style/AppTheme" >
31-->src\main\AndroidManifest.xml:15:9-40
32        <activity
32-->src\main\AndroidManifest.xml:16:9-18:75
33            android:name="com.vibeviroma.zemii.MainScreen.BottomMainActivity"
33-->src\main\AndroidManifest.xml:17:13-58
34            android:label="@string/title_activity_bottom_main" />
34-->src\main\AndroidManifest.xml:18:13-63
35        <!--
36             The API key for Google Maps-based APIs is defined as a string resource.
37             (See the file "res/values/google_maps_api.xml").
38             Note that the API key is linked to the encryption key used to sign the APK.
39             You need a different API key for each encryption key, including the release key that is used to
40             sign the APK for publishing.
41             You can define the keys for the debug and release targets in src/debug/ and src/release/.
42        -->
43        <meta-data
43-->src\main\AndroidManifest.xml:27:9-29:55
44            android:name="com.google.android.geo.API_KEY"
44-->src\main\AndroidManifest.xml:28:13-58
45            android:value="@string/google_maps_key" />
45-->src\main\AndroidManifest.xml:29:13-52
46
47        <activity
47-->src\main\AndroidManifest.xml:31:9-33:59
48            android:name="com.vibeviroma.zemii.MainScreen.MainActivity"
48-->src\main\AndroidManifest.xml:32:13-52
49            android:label="@string/title_activity_main" />
49-->src\main\AndroidManifest.xml:33:13-56
50        <activity
50-->src\main\AndroidManifest.xml:35:9-38:58
51            android:name="com.vibeviroma.zemii.LoginSignInActivity"
51-->src\main\AndroidManifest.xml:36:13-48
52            android:screenOrientation="portrait"
52-->src\main\AndroidManifest.xml:37:13-49
53            android:theme="@style/AppThemeNoActionBar" />
53-->src\main\AndroidManifest.xml:38:13-55
54        <activity
54-->src\main\AndroidManifest.xml:39:9-42:58
55            android:name="com.vibeviroma.zemii.User_information"
55-->src\main\AndroidManifest.xml:40:13-45
56            android:screenOrientation="portrait"
56-->src\main\AndroidManifest.xml:41:13-49
57            android:theme="@style/AppThemeNoActionBar" />
57-->src\main\AndroidManifest.xml:42:13-55
58        <activity
58-->src\main\AndroidManifest.xml:43:9-52:20
59            android:name="com.vibeviroma.zemii.Welcome"
59-->src\main\AndroidManifest.xml:44:13-36
60            android:screenOrientation="portrait"
60-->src\main\AndroidManifest.xml:45:13-49
61            android:theme="@style/AppThemeNoActionBar" >
61-->src\main\AndroidManifest.xml:46:13-55
62            <intent-filter>
62-->src\main\AndroidManifest.xml:47:13-51:29
63                <action android:name="android.intent.action.MAIN" />
63-->src\main\AndroidManifest.xml:48:17-69
63-->src\main\AndroidManifest.xml:48:25-66
64
65                <category android:name="android.intent.category.LAUNCHER" />
65-->src\main\AndroidManifest.xml:50:17-77
65-->src\main\AndroidManifest.xml:50:27-74
66            </intent-filter>
67        </activity>
68        <activity
68-->[com.google.android.libraries.places:places:2.4.0] AndroidManifest.xml:14:9-20:20
69            android:name="com.google.android.libraries.places.widget.AutocompleteActivity"
69-->[com.google.android.libraries.places:places:2.4.0] AndroidManifest.xml:15:13-91
70            android:exported="false"
70-->[com.google.android.libraries.places:places:2.4.0] AndroidManifest.xml:16:13-37
71            android:label="@string/places_autocomplete_label"
71-->[com.google.android.libraries.places:places:2.4.0] AndroidManifest.xml:17:13-62
72            android:theme="@style/PlacesAutocompleteOverlay"
72-->[com.google.android.libraries.places:places:2.4.0] AndroidManifest.xml:18:13-61
73            android:windowSoftInputMode="adjustResize" >
73-->[com.google.android.libraries.places:places:2.4.0] AndroidManifest.xml:19:13-55
74        </activity>
75        <activity
75-->[com.google.firebase:firebase-auth:19.4.0] AndroidManifest.xml:24:9-31:50
76            android:name="com.google.firebase.auth.internal.FederatedSignInActivity"
76-->[com.google.firebase:firebase-auth:19.4.0] AndroidManifest.xml:25:13-85
77            android:excludeFromRecents="true"
77-->[com.google.firebase:firebase-auth:19.4.0] AndroidManifest.xml:26:13-46
78            android:exported="true"
78-->[com.google.firebase:firebase-auth:19.4.0] AndroidManifest.xml:27:13-36
79            android:launchMode="singleTask"
79-->[com.google.firebase:firebase-auth:19.4.0] AndroidManifest.xml:28:13-44
80            android:permission="com.google.firebase.auth.api.gms.permission.LAUNCH_FEDERATED_SIGN_IN"
80-->[com.google.firebase:firebase-auth:19.4.0] AndroidManifest.xml:29:13-102
81            android:theme="@android:style/Theme.Translucent.NoTitleBar" />
81-->[com.google.firebase:firebase-auth:19.4.0] AndroidManifest.xml:30:13-72
82
83        <service
83-->[com.google.firebase:firebase-auth:19.4.0] AndroidManifest.xml:33:9-39:19
84            android:name="com.google.firebase.components.ComponentDiscoveryService"
84-->[com.google.firebase:firebase-auth:19.4.0] AndroidManifest.xml:34:13-84
85            android:directBootAware="true"
85-->[com.google.firebase:firebase-common:19.3.1] AndroidManifest.xml:35:13-43
86            android:exported="false" >
86-->[com.google.firebase:firebase-auth:19.4.0] AndroidManifest.xml:35:13-37
87            <meta-data
87-->[com.google.firebase:firebase-auth:19.4.0] AndroidManifest.xml:36:13-38:85
88                android:name="com.google.firebase.components:com.google.firebase.auth.FirebaseAuthRegistrar"
88-->[com.google.firebase:firebase-auth:19.4.0] AndroidManifest.xml:37:17-109
89                android:value="com.google.firebase.components.ComponentRegistrar" />
89-->[com.google.firebase:firebase-auth:19.4.0] AndroidManifest.xml:38:17-82
90            <meta-data
90-->[com.google.firebase:firebase-database:19.4.0] AndroidManifest.xml:32:13-34:85
91                android:name="com.google.firebase.components:com.google.firebase.database.DatabaseRegistrar"
91-->[com.google.firebase:firebase-database:19.4.0] AndroidManifest.xml:33:17-109
92                android:value="com.google.firebase.components.ComponentRegistrar" />
92-->[com.google.firebase:firebase-database:19.4.0] AndroidManifest.xml:34:17-82
93        </service> <!-- Needs to be explicitly declared on P+ -->
94        <uses-library
94-->[com.google.android.gms:play-services-maps:17.0.0] AndroidManifest.xml:33:9-35:40
95            android:name="org.apache.http.legacy"
95-->[com.google.android.gms:play-services-maps:17.0.0] AndroidManifest.xml:34:13-50
96            android:required="false" />
96-->[com.google.android.gms:play-services-maps:17.0.0] AndroidManifest.xml:35:13-37
97
98        <meta-data
98-->[com.google.maps.android:android-maps-utils:0.4.4] AndroidManifest.xml:8:9-10:69
99            android:name="com.google.android.gms.version"
99-->[com.google.maps.android:android-maps-utils:0.4.4] AndroidManifest.xml:9:13-58
100            android:value="@integer/google_play_services_version" />
100-->[com.google.maps.android:android-maps-utils:0.4.4] AndroidManifest.xml:10:13-66
101
102        <provider
102-->[com.google.firebase:firebase-common:19.3.1] AndroidManifest.xml:26:9-31:39
103            android:name="com.google.firebase.provider.FirebaseInitProvider"
103-->[com.google.firebase:firebase-common:19.3.1] AndroidManifest.xml:27:13-77
104            android:authorities="com.vibeviroma.zemii.firebaseinitprovider"
104-->[com.google.firebase:firebase-common:19.3.1] AndroidManifest.xml:28:13-72
105            android:directBootAware="true"
105-->[com.google.firebase:firebase-common:19.3.1] AndroidManifest.xml:29:13-43
106            android:exported="false"
106-->[com.google.firebase:firebase-common:19.3.1] AndroidManifest.xml:30:13-37
107            android:initOrder="100" />
107-->[com.google.firebase:firebase-common:19.3.1] AndroidManifest.xml:31:13-36
108
109        <activity
109-->[com.google.android.gms:play-services-base:17.2.1] AndroidManifest.xml:23:9-26:75
110            android:name="com.google.android.gms.common.api.GoogleApiActivity"
110-->[com.google.android.gms:play-services-base:17.2.1] AndroidManifest.xml:24:13-79
111            android:exported="false"
111-->[com.google.android.gms:play-services-base:17.2.1] AndroidManifest.xml:25:13-37
112            android:theme="@android:style/Theme.Translucent.NoTitleBar" />
112-->[com.google.android.gms:play-services-base:17.2.1] AndroidManifest.xml:26:13-72
113
114        <provider
114-->[androidx.lifecycle:lifecycle-process:2.2.0] AndroidManifest.xml:25:9-29:43
115            android:name="androidx.lifecycle.ProcessLifecycleOwnerInitializer"
115-->[androidx.lifecycle:lifecycle-process:2.2.0] AndroidManifest.xml:26:13-79
116            android:authorities="com.vibeviroma.zemii.lifecycle-process"
116-->[androidx.lifecycle:lifecycle-process:2.2.0] AndroidManifest.xml:27:13-69
117            android:exported="false"
117-->[androidx.lifecycle:lifecycle-process:2.2.0] AndroidManifest.xml:28:13-37
118            android:multiprocess="true" />
118-->[androidx.lifecycle:lifecycle-process:2.2.0] AndroidManifest.xml:29:13-40
119
120        <service
120-->[com.google.android.datatransport:transport-backend-cct:2.3.0] AndroidManifest.xml:29:9-35:19
121            android:name="com.google.android.datatransport.runtime.backends.TransportBackendDiscovery"
121-->[com.google.android.datatransport:transport-backend-cct:2.3.0] AndroidManifest.xml:30:13-103
122            android:exported="false" >
122-->[com.google.android.datatransport:transport-backend-cct:2.3.0] AndroidManifest.xml:31:13-37
123            <meta-data
123-->[com.google.android.datatransport:transport-backend-cct:2.3.0] AndroidManifest.xml:32:13-34:39
124                android:name="backend:com.google.android.datatransport.cct.CctBackendFactory"
124-->[com.google.android.datatransport:transport-backend-cct:2.3.0] AndroidManifest.xml:33:17-94
125                android:value="cct" />
125-->[com.google.android.datatransport:transport-backend-cct:2.3.0] AndroidManifest.xml:34:17-36
126        </service>
127        <service
127-->[com.google.android.datatransport:transport-runtime:2.2.3] AndroidManifest.xml:26:9-30:19
128            android:name="com.google.android.datatransport.runtime.scheduling.jobscheduling.JobInfoSchedulerService"
128-->[com.google.android.datatransport:transport-runtime:2.2.3] AndroidManifest.xml:27:13-117
129            android:exported="false"
129-->[com.google.android.datatransport:transport-runtime:2.2.3] AndroidManifest.xml:28:13-37
130            android:permission="android.permission.BIND_JOB_SERVICE" >
130-->[com.google.android.datatransport:transport-runtime:2.2.3] AndroidManifest.xml:29:13-69
131        </service>
132
133        <receiver
133-->[com.google.android.datatransport:transport-runtime:2.2.3] AndroidManifest.xml:32:9-34:40
134            android:name="com.google.android.datatransport.runtime.scheduling.jobscheduling.AlarmManagerSchedulerBroadcastReceiver"
134-->[com.google.android.datatransport:transport-runtime:2.2.3] AndroidManifest.xml:33:13-132
135            android:exported="false" />
135-->[com.google.android.datatransport:transport-runtime:2.2.3] AndroidManifest.xml:34:13-37
136    </application>
137
138</manifest>